Using pre-set license
Built from '2020.2/release' branch; Version is '2020.2.1f1 (270dd8c3da1c) revision 2559448'; Using compiler version '192528614'; Build Type 'Release'
OS: 'Windows 10  (10.0.0) 64bit' Language: 'en' Physical Memory: 16316 MB
BatchMode: 1, IsHumanControllingUs: 0, StartBugReporterOnCrash: 0, Is64bit: 1, IsPro: 0

 COMMAND LINE ARGUMENTS:
C:\Program Files\Unity\Hub\Editor\2020.2.1f1\Editor\Unity.exe
-adb2
-batchMode
-noUpm
-name
AssetImportWorker0
-projectPath
C:/Users/Kalin/Documents/GitHub/Ball-n-Roll-Android/Ball 'n' Roll-Android
-logFile
Logs/AssetImportWorker0.log
-srvPort
63745
Successfully changed project path to: C:/Users/Kalin/Documents/GitHub/Ball-n-Roll-Android/Ball 'n' Roll-Android
C:/Users/Kalin/Documents/GitHub/Ball-n-Roll-Android/Ball 'n' Roll-Android
Using Asset Import Pipeline V2.
Refreshing native plugins compatible for Editor in 48.88 ms, found 0 plugins.
Preloading 0 native plugins for Editor in 0.00 ms.
Initialize engine version: 2020.2.1f1 (270dd8c3da1c)
[Subsystems] Discovering subsystems at path C:/Program Files/Unity/Hub/Editor/2020.2.1f1/Editor/Data/Resources/UnitySubsystems
[Subsystems] Discovering subsystems at path C:/Users/Kalin/Documents/GitHub/Ball-n-Roll-Android/Ball 'n' Roll-Android/Assets
GfxDevice: creating device client; threaded=0
Direct3D:
    Version:  Direct3D 11.0 [level 11.1]
    Renderer: Radeon (TM) RX 480 Graphics (ID=0x67df)
    Vendor:   
    VRAM:     8171 MB
    Driver:   27.20.12027.1001
Initialize mono
Mono path[0] = 'C:/Program Files/Unity/Hub/Editor/2020.2.1f1/Editor/Data/Managed'
Mono path[1] = 'C:/Program Files/Unity/Hub/Editor/2020.2.1f1/Editor/Data/MonoBleedingEdge/lib/mono/unityjit'
Mono config path = 'C:/Program Files/Unity/Hub/Editor/2020.2.1f1/Editor/Data/MonoBleedingEdge/etc'
Using monoOptions --debugger-agent=transport=dt_socket,embedding=1,server=y,suspend=n,address=127.0.0.1:56420
Begin MonoManager ReloadAssembly
Registering precompiled unity dll's ...
Register platform support module: C:/Program Files/Unity/Hub/Editor/2020.2.1f1/Editor/Data/PlaybackEngines/WindowsStandaloneSupport/UnityEditor.WindowsStandalone.Extensions.dll
Register platform support module: C:/Program Files/Unity/Hub/Editor/2020.2.1f1/Editor/Data/PlaybackEngines/LinuxStandaloneSupport/UnityEditor.LinuxStandalone.Extensions.dll
Registered in 0.002306 seconds.
Native extension for LinuxStandalone target not found
Native extension for WindowsStandalone target not found
Refreshing native plugins compatible for Editor in 43.30 ms, found 0 plugins.
Preloading 0 native plugins for Editor in 0.00 ms.
Invoked RoslynAnalysisRunner static constructor.
RoslynAnalysisRunner will not be running.
RoslynAnalysisRunner has terminated.
Mono: successfully reloaded assembly
- Completed reload, in  1.891 seconds
Platform modules already initialized, skipping
Registering precompiled user dll's ...
Registered in 0.002379 seconds.
Begin MonoManager ReloadAssembly
Native extension for LinuxStandalone target not found
Native extension for WindowsStandalone target not found
Refreshing native plugins compatible for Editor in 0.44 ms, found 0 plugins.
Preloading 0 native plugins for Editor in 0.00 ms.
Invoked RoslynAnalysisRunner static constructor.
RoslynAnalysisRunner will not be running.
RoslynAnalysisRunner has terminated.
Mono: successfully reloaded assembly
- Completed reload, in  0.886 seconds
Platform modules already initialized, skipping
========================================================================
Worker process is ready to serve import requests
Launched and connected shader compiler UnityShaderCompiler.exe after 0.09 seconds
Refreshing native plugins compatible for Editor in 0.43 ms, found 0 plugins.
Preloading 0 native plugins for Editor in 0.00 ms.
Unloading 1594 Unused Serialized files (Serialized files now loaded: 0)
System memory in use before: 76.4 MB.
System memory in use after: 76.5 MB.

Unloading 33 unused Assets to reduce memory usage. Loaded Objects now: 2022.
Total: 1.759500 ms (FindLiveObjects: 0.173600 ms CreateObjectMapping: 0.046900 ms MarkObjects: 1.484900 ms  DeleteObjects: 0.053200 ms)

========================================================================
Received Import Request.
  path: Assets/Settings/PostProcessVolumeProfile.asset
  artifactKey: Guid(7ba2b06fb32e5274aad88925a5b8d3f5) Importer(815301076,1909f56bfc062723c751e8b465ee728b)
Start importing Assets/Settings/PostProcessVolumeProfile.asset using Guid(7ba2b06fb32e5274aad88925a5b8d3f5) Importer(815301076,1909f56bfc062723c751e8b465ee728b)  -> (artifact id: 'ce2f9dfecfd64a8d608174fba7c8302c') in 0.054477 seconds
  Import took 0.057180 seconds .

========================================================================
Received Prepare
Registering precompiled user dll's ...
Registered in 0.002441 seconds.
Begin MonoManager ReloadAssembly
Native extension for LinuxStandalone target not found
Native extension for WindowsStandalone target not found
Refreshing native plugins compatible for Editor in 0.46 ms, found 0 plugins.
Preloading 0 native plugins for Editor in 0.00 ms.
Invoked RoslynAnalysisRunner static constructor.
RoslynAnalysisRunner will not be running.
RoslynAnalysisRunner has terminated.
Mono: successfully reloaded assembly
- Completed reload, in  0.849 seconds
Platform modules already initialized, skipping
Refreshing native plugins compatible for Editor in 0.46 ms, found 0 plugins.
Preloading 0 native plugins for Editor in 0.00 ms.
Unloading 1595 Unused Serialized files (Serialized files now loaded: 0)
System memory in use before: 73.6 MB.
System memory in use after: 73.7 MB.

Unloading 24 unused Assets to reduce memory usage. Loaded Objects now: 2067.
Total: 1.707500 ms (FindLiveObjects: 0.166300 ms CreateObjectMapping: 0.038700 ms MarkObjects: 1.486800 ms  DeleteObjects: 0.014800 ms)

========================================================================
Received Prepare
Registering precompiled user dll's ...
Registered in 0.002350 seconds.
Begin MonoManager ReloadAssembly
Native extension for LinuxStandalone target not found
Native extension for WindowsStandalone target not found
Refreshing native plugins compatible for Editor in 0.46 ms, found 0 plugins.
Preloading 0 native plugins for Editor in 0.00 ms.
Invoked RoslynAnalysisRunner static constructor.
RoslynAnalysisRunner will not be running.
RoslynAnalysisRunner has terminated.
Mono: successfully reloaded assembly
- Completed reload, in  0.846 seconds
Platform modules already initialized, skipping
Refreshing native plugins compatible for Editor in 0.46 ms, found 0 plugins.
Preloading 0 native plugins for Editor in 0.00 ms.
Unloading 1596 Unused Serialized files (Serialized files now loaded: 0)
System memory in use before: 73.7 MB.
System memory in use after: 73.8 MB.

Unloading 24 unused Assets to reduce memory usage. Loaded Objects now: 2069.
Total: 1.691900 ms (FindLiveObjects: 0.179200 ms CreateObjectMapping: 0.044700 ms MarkObjects: 1.450500 ms  DeleteObjects: 0.016700 ms)

========================================================================
Received Import Request.
  Time since last request: 598.435721 seconds.
  path: Assets/Scenes
  artifactKey: Guid(4f704ae4b4f98ae41a0bce26658850c1) Importer(815301076,1909f56bfc062723c751e8b465ee728b)
Start importing Assets/Scenes using Guid(4f704ae4b4f98ae41a0bce26658850c1) Importer(815301076,1909f56bfc062723c751e8b465ee728b)  -> (artifact id: '7b887a59731904f8e249af9648dcca61') in 0.010170 seconds
  Import took 0.012694 seconds .

========================================================================
Received Import Request.
  Time since last request: 2.621528 seconds.
  path: Assets/Scenes/MainMenu.unity
  artifactKey: Guid(d28ea87677f022e49a1ce3b117c90368) Importer(815301076,1909f56bfc062723c751e8b465ee728b)
Start importing Assets/Scenes/MainMenu.unity using Guid(d28ea87677f022e49a1ce3b117c90368) Importer(815301076,1909f56bfc062723c751e8b465ee728b)  -> (artifact id: '33acca97c83549edd93b877fadd81d1e') in 0.012629 seconds
  Import took 0.015064 seconds .

========================================================================
Received Import Request.
  Time since last request: 0.001673 seconds.
  path: Assets/Scenes/MainMenu.unity
  artifactKey: Guid(d28ea87677f022e49a1ce3b117c90368) Importer(815301076,1909f56bfc062723c751e8b465ee728b)
Start importing Assets/Scenes/MainMenu.unity using Guid(d28ea87677f022e49a1ce3b117c90368) Importer(815301076,1909f56bfc062723c751e8b465ee728b)  -> (artifact id: '33acca97c83549edd93b877fadd81d1e') in 0.003665 seconds
  Import took 0.005958 seconds .

========================================================================
Received Prepare
Registering precompiled user dll's ...
Registered in 0.002386 seconds.
Begin MonoManager ReloadAssembly
Native extension for LinuxStandalone target not found
Native extension for WindowsStandalone target not found
Refreshing native plugins compatible for Editor in 0.48 ms, found 0 plugins.
Preloading 0 native plugins for Editor in 0.00 ms.
Invoked RoslynAnalysisRunner static constructor.
RoslynAnalysisRunner will not be running.
RoslynAnalysisRunner has terminated.
Mono: successfully reloaded assembly
- Completed reload, in  0.854 seconds
Platform modules already initialized, skipping
Refreshing native plugins compatible for Editor in 0.47 ms, found 0 plugins.
Preloading 0 native plugins for Editor in 0.00 ms.
Unloading 1596 Unused Serialized files (Serialized files now loaded: 0)
System memory in use before: 73.8 MB.
System memory in use after: 73.9 MB.

Unloading 24 unused Assets to reduce memory usage. Loaded Objects now: 2071.
Total: 1.683700 ms (FindLiveObjects: 0.171400 ms CreateObjectMapping: 0.038300 ms MarkObjects: 1.458200 ms  DeleteObjects: 0.014800 ms)

